2024-12-28 00:20:21,031 - prediction - INFO - Successfully loaded model, scaler, and feature names
2024-12-28 00:20:22,159 - prediction - ERROR - Error starting WebSocket: module 'websocket' has no attribute 'WebSocketApp'
2024-12-28 00:20:22,159 - prediction - ERROR - Error starting WebSocket: module 'websocket' has no attribute 'WebSocketApp'
2024-12-28 00:20:22,159 - prediction - ERROR - Error starting WebSocket: module 'websocket' has no attribute 'WebSocketApp'
2024-12-28 00:20:22,165 - prediction - INFO - Started streaming for AMBUSDT
2024-12-28 00:20:22,165 - prediction - INFO - Started streaming for AMBUSDT
2024-12-28 00:20:22,165 - prediction - INFO - Started streaming for AMBUSDT
2024-12-28 00:20:23,149 - prediction - ERROR - Error starting WebSocket: module 'websocket' has no attribute 'WebSocketApp'
2024-12-28 00:20:23,149 - prediction - ERROR - Error starting WebSocket: module 'websocket' has no attribute 'WebSocketApp'
2024-12-28 00:20:23,149 - prediction - ERROR - Error starting WebSocket: module 'websocket' has no attribute 'WebSocketApp'
2024-12-28 00:20:23,163 - prediction - INFO - Started streaming for ARUSDT
2024-12-28 00:20:23,163 - prediction - INFO - Started streaming for ARUSDT
2024-12-28 00:20:23,163 - prediction - INFO - Started streaming for ARUSDT
2024-12-28 00:20:23,763 - prediction - ERROR - Error starting WebSocket: module 'websocket' has no attribute 'WebSocketApp'
2024-12-28 00:20:23,763 - prediction - ERROR - Error starting WebSocket: module 'websocket' has no attribute 'WebSocketApp'
2024-12-28 00:20:23,763 - prediction - ERROR - Error starting WebSocket: module 'websocket' has no attribute 'WebSocketApp'
2024-12-28 00:20:23,767 - prediction - INFO - Started streaming for AIUSDT
2024-12-28 00:20:23,767 - prediction - INFO - Started streaming for AIUSDT
2024-12-28 00:20:23,767 - prediction - INFO - Started streaming for AIUSDT
2024-12-28 00:21:02,649 - prediction - INFO - Stopped streaming for AMBUSDT
2024-12-28 00:21:02,649 - prediction - INFO - Stopped streaming for AMBUSDT
2024-12-28 00:21:02,649 - prediction - INFO - Stopped streaming for AMBUSDT
2024-12-28 00:21:02,649 - prediction - INFO - Stopped streaming for ARUSDT
2024-12-28 00:21:02,649 - prediction - INFO - Stopped streaming for ARUSDT
2024-12-28 00:21:02,649 - prediction - INFO - Stopped streaming for ARUSDT
2024-12-28 00:21:02,651 - prediction - INFO - Stopped all streams
2024-12-28 00:21:02,651 - prediction - INFO - Stopped all streams
2024-12-28 00:21:02,651 - prediction - INFO - Stopped all streams
2024-12-28 00:21:02,654 - prediction - INFO - Stopped streaming for AIUSDT
2024-12-28 00:21:02,654 - prediction - INFO - Stopped streaming for AIUSDT
2024-12-28 00:21:02,654 - prediction - INFO - Stopped streaming for AIUSDT
2024-12-28 00:21:46,550 - prediction - INFO - Successfully loaded model, scaler, and feature names
2024-12-28 00:21:48,004 - prediction - INFO - Started streaming for AMBUSDT
2024-12-28 00:21:48,004 - prediction - INFO - Started streaming for AMBUSDT
2024-12-28 00:21:48,004 - prediction - INFO - Started streaming for AMBUSDT
2024-12-28 00:21:48,992 - prediction - INFO - Started streaming for ARUSDT
2024-12-28 00:21:48,992 - prediction - INFO - Started streaming for ARUSDT
2024-12-28 00:21:48,992 - prediction - INFO - Started streaming for ARUSDT
2024-12-28 00:21:49,022 - prediction - INFO - WebSocket connection opened
2024-12-28 00:21:49,022 - prediction - INFO - WebSocket connection opened
2024-12-28 00:21:49,022 - prediction - INFO - WebSocket connection opened
2024-12-28 00:21:49,306 - prediction - ERROR - Error processing WebSocket message: 'e'
2024-12-28 00:21:49,306 - prediction - ERROR - Error processing WebSocket message: 'e'
2024-12-28 00:21:49,306 - prediction - ERROR - Error processing WebSocket message: 'e'
2024-12-28 00:21:49,579 - prediction - INFO - Started streaming for AIUSDT
2024-12-28 00:21:49,579 - prediction - INFO - Started streaming for AIUSDT
2024-12-28 00:21:49,579 - prediction - INFO - Started streaming for AIUSDT
2024-12-28 00:21:50,060 - prediction - INFO - WebSocket connection opened
2024-12-28 00:21:50,060 - prediction - INFO - WebSocket connection opened
2024-12-28 00:21:50,060 - prediction - INFO - WebSocket connection opened
2024-12-28 00:21:50,360 - prediction - ERROR - Error processing WebSocket message: 'e'
2024-12-28 00:21:50,360 - prediction - ERROR - Error processing WebSocket message: 'e'
2024-12-28 00:21:50,360 - prediction - ERROR - Error processing WebSocket message: 'e'
2024-12-28 00:22:28,188 - prediction - INFO - Stopped streaming for AMBUSDT
2024-12-28 00:22:28,188 - prediction - INFO - Stopped streaming for AMBUSDT
2024-12-28 00:22:28,188 - prediction - INFO - Stopped streaming for AMBUSDT
2024-12-28 00:22:28,188 - prediction - INFO - Stopped streaming for ARUSDT
2024-12-28 00:22:28,188 - prediction - INFO - Stopped streaming for ARUSDT
2024-12-28 00:22:28,188 - prediction - INFO - Stopped streaming for ARUSDT
2024-12-28 00:22:28,505 - prediction - WARNING - WebSocket connection closed
2024-12-28 00:22:28,505 - prediction - INFO - Stopped all streams
2024-12-28 00:22:28,505 - prediction - WARNING - WebSocket connection closed
2024-12-28 00:22:28,505 - prediction - INFO - Stopped all streams
2024-12-28 00:22:28,505 - prediction - WARNING - WebSocket connection closed
2024-12-28 00:22:28,505 - prediction - INFO - Stopped all streams
2024-12-28 00:22:28,508 - prediction - INFO - Stopped streaming for AIUSDT
2024-12-28 00:22:28,508 - prediction - INFO - Stopped streaming for AIUSDT
2024-12-28 00:22:28,508 - prediction - INFO - Stopped streaming for AIUSDT
2024-12-28 00:22:44,274 - prediction - INFO - Successfully loaded model, scaler, and feature names
2024-12-28 00:22:46,564 - prediction - INFO - Started streaming for AMBUSDT
2024-12-28 00:22:46,564 - prediction - INFO - Started streaming for AMBUSDT
2024-12-28 00:22:46,564 - prediction - INFO - Started streaming for AMBUSDT
2024-12-28 00:22:47,645 - prediction - INFO - WebSocket connection opened
2024-12-28 00:22:47,645 - prediction - INFO - WebSocket connection opened
2024-12-28 00:22:47,645 - prediction - INFO - WebSocket connection opened
2024-12-28 00:22:47,912 - prediction - INFO - Subscription response: {'result': None, 'id': 1}
2024-12-28 00:22:47,912 - prediction - INFO - Subscription response: {'result': None, 'id': 1}
2024-12-28 00:22:47,912 - prediction - INFO - Subscription response: {'result': None, 'id': 1}
2024-12-28 00:22:48,145 - prediction - INFO - Started streaming for ARUSDT
2024-12-28 00:22:48,145 - prediction - INFO - Started streaming for ARUSDT
2024-12-28 00:22:48,145 - prediction - INFO - Started streaming for ARUSDT
2024-12-28 00:22:48,831 - prediction - INFO - Started streaming for AIUSDT
2024-12-28 00:22:48,831 - prediction - INFO - Started streaming for AIUSDT
2024-12-28 00:22:48,831 - prediction - INFO - Started streaming for AIUSDT
2024-12-28 00:24:25,818 - prediction - INFO - Stopped streaming for AMBUSDT
2024-12-28 00:24:25,818 - prediction - INFO - Stopped streaming for AMBUSDT
2024-12-28 00:24:25,818 - prediction - INFO - Stopped streaming for AMBUSDT
2024-12-28 00:24:25,831 - prediction - INFO - Stopped streaming for ARUSDT
2024-12-28 00:24:25,831 - prediction - INFO - Stopped streaming for ARUSDT
2024-12-28 00:24:25,831 - prediction - INFO - Stopped streaming for ARUSDT
2024-12-28 00:24:26,101 - prediction - WARNING - WebSocket connection closed
2024-12-28 00:24:26,101 - prediction - WARNING - WebSocket connection closed
2024-12-28 00:24:26,105 - prediction - INFO - Stopped all streams
2024-12-28 00:24:26,101 - prediction - WARNING - WebSocket connection closed
2024-12-28 00:24:26,105 - prediction - INFO - Stopped all streams
2024-12-28 00:24:26,105 - prediction - INFO - Stopped all streams
2024-12-28 00:24:26,115 - prediction - INFO - Stopped streaming for AIUSDT
2024-12-28 00:24:26,115 - prediction - INFO - Stopped streaming for AIUSDT
2024-12-28 00:24:26,115 - prediction - INFO - Stopped streaming for AIUSDT
2024-12-28 00:24:39,938 - prediction - INFO - Successfully loaded model, scaler, and feature names
2024-12-28 00:29:36,280 - prediction - INFO - Successfully loaded model, scaler, and feature names
2024-12-28 00:35:00,352 - prediction - INFO - Successfully loaded model, scaler, and feature names
2024-12-28 00:35:30,398 - prediction - INFO - Successfully loaded model, scaler, and feature names
2024-12-28 00:41:19,453 - prediction - INFO - Successfully loaded model, scaler, and feature names
